<?xml version="1.0" encoding="UTF-8"?>
<testng-results skipped="0" failed="0" total="1" passed="1">
  <reporter-output>
  </reporter-output>
  <suite name="Default suite" duration-ms="38324" started-at="2019-11-12T12:20:31Z" finished-at="2019-11-12T12:21:10Z">
    <groups>
    </groups>
    <test name="Default test" duration-ms="38324" started-at="2019-11-12T12:20:31Z" finished-at="2019-11-12T12:21:10Z">
      <class name="Test.Test01">
        <test-method status="PASS" signature="beforeMethod()[pri:0, instance:Test.Test01@6d78f375]" name="beforeMethod" is-config="true" duration-ms="14056" started-at="2019-11-12T20:20:31Z" finished-at="2019-11-12T20:20:46Z">
          <reporter-output>
          </reporter-output>
        </test-method> <!-- beforeMethod -->
        <test-method status="PASS" signature="f()[pri:0, instance:Test.Test01@6d78f375]" name="f" duration-ms="24249" started-at="2019-11-12T20:20:46Z" finished-at="2019-11-12T20:21:10Z">
          <reporter-output>
          </reporter-output>
        </test-method> <!-- f -->
        <test-method status="PASS" signature="afterMethod()[pri:0, instance:Test.Test01@6d78f375]" name="afterMethod" is-config="true" duration-ms="0" started-at="2019-11-12T20:21:10Z" finished-at="2019-11-12T20:21:10Z">
          <reporter-output>
          </reporter-output>
        </test-method> <!-- afterMethod -->
      </class> <!-- Test.Test01 -->
    </test> <!-- Default test -->
  </suite> <!-- Default suite -->
</testng-results>
